# JRE version: OpenJDK Runtime Environment Temurin-21.0.11+10 (21.0.11+10) (build 21.0.11+10-LTS)
# Java VM: OpenJDK 64-Bit Server VM Temurin-21.0.11+10 (21.0.11+10-LTS, mixed mode, sharing, tiered, compressed oops, compressed class ptrs, parallel gc, windows-amd64)
GC Precious Log:
 CardTable entry size: 512
 CPUs: 12 total, 12 available
 Memory: 15178M
 Large Page Support: Disabled
 NUMA Support: Disabled
 Compressed Oops: Enabled (32-bit)
 Alignments: Space 512K, Generation 512K, Heap 2M
 Heap Min Capacity: 100M
 Heap Initial Capacity: 100M
 Heap Max Capacity: 2G
 Pre-touch: Disabled
 Parallel Workers: 10
Heap:
 PSYoungGen      total 13312K, used 3497K [0x00000000d5580000, 0x00000000d6700000, 0x0000000100000000)
  eden space 12800K, 23% used [0x00000000d5580000,0x00000000d586a5d8,0x00000000d6200000)
  from space 512K, 100% used [0x00000000d6600000,0x00000000d6680000,0x00000000d6680000)
  to   space 512K, 0% used [0x00000000d6680000,0x00000000d6680000,0x00000000d6700000)
 ParOldGen       total 854528K, used 854421K [0x0000000080000000, 0x00000000b4280000, 0x00000000d5580000)
  object space 854528K, 99% used [0x0000000080000000,0x00000000b42655c8,0x00000000b4280000)
 Metaspace       used 99399K, committed 101440K, reserved 1179648K
  class space    used 10122K, committed 11072K, reserved 1048576K
GC Heap History (20 events):
Event: 372.426 GC heap before
{Heap before GC invocations=4271 (full 11):
 PSYoungGen      total 15360K, used 14865K [0x00000000d5580000, 0x00000000d6b80000, 0x0000000100000000)
  eden space 12800K, 99% used [0x00000000d5580000,0x00000000d61ffff8,0x00000000d6200000)
  from space 2560K, 80% used [0x00000000d6580000,0x00000000d6784800,0x00000000d6800000)
  to   space 3072K, 0% used [0x00000000d6880000,0x00000000d6880000,0x00000000d6b80000)
 ParOldGen       total 844288K, used 843992K [0x0000000080000000, 0x00000000b3880000, 0x00000000d5580000)
  object space 844288K, 99% used [0x0000000080000000,0x00000000b3836348,0x00000000b3880000)
 Metaspace       used 99251K, committed 101312K, reserved 1179648K
  class space    used 10119K, committed 11072K, reserved 1048576K
}
Event: 372.430 GC heap after
{Heap after GC invocations=4271 (full 11):
 PSYoungGen      total 14848K, used 1801K [0x00000000d5580000, 0x00000000d6a80000, 0x0000000100000000)
  eden space 12800K, 0% used [0x00000000d5580000,0x00000000d5580000,0x00000000d6200000)
  from space 2048K, 87% used [0x00000000d6880000,0x00000000d6a42400,0x00000000d6a80000)
  to   space 2048K, 0% used [0x00000000d6680000,0x00000000d6680000,0x00000000d6880000)
 ParOldGen       total 846336K, used 845872K [0x0000000080000000, 0x00000000b3a80000, 0x00000000d5580000)
  object space 846336K, 99% used [0x0000000080000000,0x00000000b3a0c398,0x00000000b3a80000)
 Metaspace       used 99251K, committed 101312K, reserved 1179648K
  class space    used 10119K, committed 11072K, reserved 1048576K
}
Event: 373.251 GC heap before
{Heap before GC invocations=4272 (full 11):
 PSYoungGen      total 14848K, used 14601K [0x00000000d5580000, 0x00000000d6a80000, 0x0000000100000000)
  eden space 12800K, 100% used [0x00000000d5580000,0x00000000d6200000,0x00000000d6200000)
  from space 2048K, 87% used [0x00000000d6880000,0x00000000d6a42400,0x00000000d6a80000)
  to   space 2048K, 0% used [0x00000000d6680000,0x00000000d6680000,0x00000000d6880000)
 ParOldGen       total 846336K, used 845872K [0x0000000080000000, 0x00000000b3a80000, 0x00000000d5580000)
  object space 846336K, 99% used [0x0000000080000000,0x00000000b3a0c398,0x00000000b3a80000)
 Metaspace       used 99326K, committed 101376K, reserved 1179648K
  class space    used 10119K, committed 11072K, reserved 1048576K
}
Event: 373.254 GC heap after
{Heap after GC invocations=4272 (full 11):
 PSYoungGen      total 14336K, used 1058K [0x00000000d5580000, 0x00000000d6900000, 0x0000000100000000)
  eden space 12800K, 0% used [0x00000000d5580000,0x00000000d5580000,0x00000000d6200000)
  from space 1536K, 68% used [0x00000000d6680000,0x00000000d6788810,0x00000000d6800000)
  to   space 1024K, 0% used [0x00000000d6800000,0x00000000d6800000,0x00000000d6900000)
 ParOldGen       total 847872K, used 847463K [0x0000000080000000, 0x00000000b3c00000, 0x00000000d5580000)
  object space 847872K, 99% used [0x0000000080000000,0x00000000b3b99fd8,0x00000000b3c00000)
 Metaspace       used 99326K, committed 101376K, reserved 1179648K
  class space    used 10119K, committed 11072K, reserved 1048576K
}
Event: 379.442 GC heap before
{Heap before GC invocations=4273 (full 11):
 PSYoungGen      total 14336K, used 13858K [0x00000000d5580000, 0x00000000d6900000, 0x0000000100000000)
  eden space 12800K, 100% used [0x00000000d5580000,0x00000000d6200000,0x00000000d6200000)
  from space 1536K, 68% used [0x00000000d6680000,0x00000000d6788810,0x00000000d6800000)
  to   space 1024K, 0% used [0x00000000d6800000,0x00000000d6800000,0x00000000d6900000)
 ParOldGen       total 847872K, used 847463K [0x0000000080000000, 0x00000000b3c00000, 0x00000000d5580000)
  object space 847872K, 99% used [0x0000000080000000,0x00000000b3b99fd8,0x00000000b3c00000)
 Metaspace       used 99338K, committed 101440K, reserved 1179648K
  class space    used 10119K, committed 11072K, reserved 1048576K
}
Event: 379.444 GC heap after
{Heap after GC invocations=4273 (full 11):
 PSYoungGen      total 13824K, used 953K [0x00000000d5580000, 0x00000000d6900000, 0x0000000100000000)
  eden space 12800K, 0% used [0x00000000d5580000,0x00000000d5580000,0x00000000d6200000)
  from space 1024K, 93% used [0x00000000d6800000,0x00000000d68ee410,0x00000000d6900000)
  to   space 1536K, 0% used [0x00000000d6600000,0x00000000d6600000,0x00000000d6780000)
 ParOldGen       total 848384K, used 848282K [0x0000000080000000, 0x00000000b3c80000, 0x00000000d5580000)
  object space 848384K, 99% used [0x0000000080000000,0x00000000b3c66808,0x00000000b3c80000)
 Metaspace       used 99338K, committed 101440K, reserved 1179648K
  class space    used 10119K, committed 11072K, reserved 1048576K
}
Event: 384.535 GC heap before
{Heap before GC invocations=4274 (full 11):
 PSYoungGen      total 13824K, used 13753K [0x00000000d5580000, 0x00000000d6900000, 0x0000000100000000)
  eden space 12800K, 100% used [0x00000000d5580000,0x00000000d6200000,0x00000000d6200000)
  from space 1024K, 93% used [0x00000000d6800000,0x00000000d68ee410,0x00000000d6900000)
  to   space 1536K, 0% used [0x00000000d6600000,0x00000000d6600000,0x00000000d6780000)
 ParOldGen       total 848384K, used 848282K [0x0000000080000000, 0x00000000b3c80000, 0x00000000d5580000)
  object space 848384K, 99% used [0x0000000080000000,0x00000000b3c66808,0x00000000b3c80000)
 Metaspace       used 99351K, committed 101440K, reserved 1179648K
  class space    used 10119K, committed 11072K, reserved 1048576K
}
Event: 384.538 GC heap after
{Heap after GC invocations=4274 (full 11):
 PSYoungGen      total 14336K, used 1513K [0x00000000d5580000, 0x00000000d6880000, 0x0000000100000000)
  eden space 12800K, 0% used [0x00000000d5580000,0x00000000d5580000,0x00000000d6200000)
  from space 1536K, 98% used [0x00000000d6600000,0x00000000d677a420,0x00000000d6780000)
  to   space 1024K, 0% used [0x00000000d6780000,0x00000000d6780000,0x00000000d6880000)
 ParOldGen       total 849408K, used 849219K [0x0000000080000000, 0x00000000b3d80000, 0x00000000d5580000)
  object space 849408K, 99% used [0x0000000080000000,0x00000000b3d50c78,0x00000000b3d80000)
 Metaspace       used 99351K, committed 101440K, reserved 1179648K
  class space    used 10119K, committed 11072K, reserved 1048576K
}
Event: 389.829 GC heap before
{Heap before GC invocations=4275 (full 11):
 PSYoungGen      total 14336K, used 14306K [0x00000000d5580000, 0x00000000d6880000, 0x0000000100000000)
  eden space 12800K, 99% used [0x00000000d5580000,0x00000000d61fe500,0x00000000d6200000)
  from space 1536K, 98% used [0x00000000d6600000,0x00000000d677a420,0x00000000d6780000)
  to   space 1024K, 0% used [0x00000000d6780000,0x00000000d6780000,0x00000000d6880000)
 ParOldGen       total 849408K, used 849219K [0x0000000080000000, 0x00000000b3d80000, 0x00000000d5580000)
  object space 849408K, 99% used [0x0000000080000000,0x00000000b3d50c78,0x00000000b3d80000)
 Metaspace       used 99354K, committed 101440K, reserved 1179648K
  class space    used 10119K, committed 11072K, reserved 1048576K
}
Event: 389.833 GC heap after
{Heap after GC invocations=4275 (full 11):
 PSYoungGen      total 13824K, used 559K [0x00000000d5580000, 0x00000000d6880000, 0x0000000100000000)
  eden space 12800K, 0% used [0x00000000d5580000,0x00000000d5580000,0x00000000d6200000)
  from space 1024K, 54% used [0x00000000d6780000,0x00000000d680bd98,0x00000000d6880000)
  to   space 1536K, 0% used [0x00000000d6580000,0x00000000d6580000,0x00000000d6700000)
 ParOldGen       total 850944K, used 850758K [0x0000000080000000, 0x00000000b3f00000, 0x00000000d5580000)
  object space 850944K, 99% used [0x0000000080000000,0x00000000b3ed1828,0x00000000b3f00000)
 Metaspace       used 99354K, committed 101440K, reserved 1179648K
  class space    used 10119K, committed 11072K, reserved 1048576K
}
Event: 389.899 GC heap before
{Heap before GC invocations=4276 (full 11):
 PSYoungGen      total 13824K, used 12745K [0x00000000d5580000, 0x00000000d6880000, 0x0000000100000000)
  eden space 12800K, 95% used [0x00000000d5580000,0x00000000d6166a60,0x00000000d6200000)
  from space 1024K, 54% used [0x00000000d6780000,0x00000000d680bd98,0x00000000d6880000)
  to   space 1536K, 0% used [0x00000000d6580000,0x00000000d6580000,0x00000000d6700000)
 ParOldGen       total 850944K, used 850758K [0x0000000080000000, 0x00000000b3f00000, 0x00000000d5580000)
  object space 850944K, 99% used [0x0000000080000000,0x00000000b3ed1828,0x00000000b3f00000)
 Metaspace       used 99354K, committed 101440K, reserved 1179648K
  class space    used 10119K, committed 11072K, reserved 1048576K
}
Event: 389.903 GC heap after
{Heap after GC invocations=4276 (full 11):
 PSYoungGen      total 14336K, used 1533K [0x00000000d5580000, 0x00000000d6c00000, 0x0000000100000000)
  eden space 12800K, 0% used [0x00000000d5580000,0x00000000d5580000,0x00000000d6200000)
  from space 1536K, 99% used [0x00000000d6580000,0x00000000d66ff6d8,0x00000000d6700000)
  to   space 5120K, 0% used [0x00000000d6700000,0x00000000d6700000,0x00000000d6c00000)
 ParOldGen       total 854016K, used 853565K [0x0000000080000000, 0x00000000b4200000, 0x00000000d5580000)
  object space 854016K, 99% used [0x0000000080000000,0x00000000b418f5b8,0x00000000b4200000)
 Metaspace       used 99354K, committed 101440K, reserved 1179648K
  class space    used 10119K, committed 11072K, reserved 1048576K
}
Event: 390.519 GC heap before
{Heap before GC invocations=4277 (full 11):
 PSYoungGen      total 14336K, used 14317K [0x00000000d5580000, 0x00000000d6c00000, 0x0000000100000000)
  eden space 12800K, 99% used [0x00000000d5580000,0x00000000d61fbd78,0x00000000d6200000)
  from space 1536K, 99% used [0x00000000d6580000,0x00000000d66ff6d8,0x00000000d6700000)
  to   space 5120K, 0% used [0x00000000d6700000,0x00000000d6700000,0x00000000d6c00000)
 ParOldGen       total 854016K, used 853565K [0x0000000080000000, 0x00000000b4200000, 0x00000000d5580000)
  object space 854016K, 99% used [0x0000000080000000,0x00000000b418f5b8,0x00000000b4200000)
 Metaspace       used 99354K, committed 101440K, reserved 1179648K
  class space    used 10119K, committed 11072K, reserved 1048576K
}
Event: 390.522 GC heap after
{Heap after GC invocations=4277 (full 11):
 PSYoungGen      total 13824K, used 617K [0x00000000d5580000, 0x00000000d6800000, 0x0000000100000000)
  eden space 12800K, 0% used [0x00000000d5580000,0x00000000d5580000,0x00000000d6200000)
  from space 1024K, 60% used [0x00000000d6700000,0x00000000d679a418,0x00000000d6800000)
  to   space 2048K, 0% used [0x00000000d6400000,0x00000000d6400000,0x00000000d6600000)
 ParOldGen       total 854016K, used 853653K [0x0000000080000000, 0x00000000b4200000, 0x00000000d5580000)
  object space 854016K, 99% used [0x0000000080000000,0x00000000b41a55b8,0x00000000b4200000)
 Metaspace       used 99354K, committed 101440K, reserved 1179648K
  class space    used 10119K, committed 11072K, reserved 1048576K
}
Event: 431.862 GC heap before
{Heap before GC invocations=4278 (full 11):
 PSYoungGen      total 13824K, used 13366K [0x00000000d5580000, 0x00000000d6800000, 0x0000000100000000)
  eden space 12800K, 99% used [0x00000000d5580000,0x00000000d61f35e8,0x00000000d6200000)
  from space 1024K, 60% used [0x00000000d6700000,0x00000000d679a418,0x00000000d6800000)
  to   space 2048K, 0% used [0x00000000d6400000,0x00000000d6400000,0x00000000d6600000)
 ParOldGen       total 854016K, used 853653K [0x0000000080000000, 0x00000000b4200000, 0x00000000d5580000)
  object space 854016K, 99% used [0x0000000080000000,0x00000000b41a55b8,0x00000000b4200000)
 Metaspace       used 99355K, committed 101440K, reserved 1179648K
  class space    used 10119K, committed 11072K, reserved 1048576K
}
Event: 431.864 GC heap after
{Heap after GC invocations=4278 (full 11):
 PSYoungGen      total 14848K, used 480K [0x00000000d5580000, 0x00000000d6780000, 0x0000000100000000)
  eden space 12800K, 0% used [0x00000000d5580000,0x00000000d5580000,0x00000000d6200000)
  from space 2048K, 23% used [0x00000000d6400000,0x00000000d6478000,0x00000000d6600000)
  to   space 1024K, 0% used [0x00000000d6680000,0x00000000d6680000,0x00000000d6780000)
 ParOldGen       total 854016K, used 853933K [0x0000000080000000, 0x00000000b4200000, 0x00000000d5580000)
  object space 854016K, 99% used [0x0000000080000000,0x00000000b41eb5b8,0x00000000b4200000)
 Metaspace       used 99355K, committed 101440K, reserved 1179648K
  class space    used 10119K, committed 11072K, reserved 1048576K
}
Event: 431.896 GC heap before
{Heap before GC invocations=4279 (full 11):
 PSYoungGen      total 14848K, used 13274K [0x00000000d5580000, 0x00000000d6780000, 0x0000000100000000)
  eden space 12800K, 99% used [0x00000000d5580000,0x00000000d61fe9f8,0x00000000d6200000)
  from space 2048K, 23% used [0x00000000d6400000,0x00000000d6478000,0x00000000d6600000)
  to   space 1024K, 0% used [0x00000000d6680000,0x00000000d6680000,0x00000000d6780000)
 ParOldGen       total 854016K, used 853933K [0x0000000080000000, 0x00000000b4200000, 0x00000000d5580000)
  object space 854016K, 99% used [0x0000000080000000,0x00000000b41eb5b8,0x00000000b4200000)
 Metaspace       used 99355K, committed 101440K, reserved 1179648K
  class space    used 10119K, committed 11072K, reserved 1048576K
}
Event: 431.899 GC heap after
{Heap after GC invocations=4279 (full 11):
 PSYoungGen      total 13312K, used 325K [0x00000000d5580000, 0x00000000d6700000, 0x0000000100000000)
  eden space 12800K, 0% used [0x00000000d5580000,0x00000000d5580000,0x00000000d6200000)
  from space 512K, 63% used [0x00000000d6680000,0x00000000d66d16b0,0x00000000d6700000)
  to   space 512K, 0% used [0x00000000d6600000,0x00000000d6600000,0x00000000d6680000)
 ParOldGen       total 854528K, used 854317K [0x0000000080000000, 0x00000000b4280000, 0x00000000d5580000)
  object space 854528K, 99% used [0x0000000080000000,0x00000000b424b5c8,0x00000000b4280000)
 Metaspace       used 99355K, committed 101440K, reserved 1179648K
  class space    used 10119K, committed 11072K, reserved 1048576K
}
Event: 599.921 GC heap before
{Heap before GC invocations=4280 (full 11):
 PSYoungGen      total 13312K, used 13125K [0x00000000d5580000, 0x00000000d6700000, 0x0000000100000000)
  eden space 12800K, 100% used [0x00000000d5580000,0x00000000d6200000,0x00000000d6200000)
  from space 512K, 63% used [0x00000000d6680000,0x00000000d66d16b0,0x00000000d6700000)
  to   space 512K, 0% used [0x00000000d6600000,0x00000000d6600000,0x00000000d6680000)
 ParOldGen       total 854528K, used 854317K [0x0000000080000000, 0x00000000b4280000, 0x00000000d5580000)
  object space 854528K, 99% used [0x0000000080000000,0x00000000b424b5c8,0x00000000b4280000)
 Metaspace       used 99377K, committed 101440K, reserved 1179648K
  class space    used 10119K, committed 11072K, reserved 1048576K
}
Event: 599.923 GC heap after
{Heap after GC invocations=4280 (full 11):
 PSYoungGen      total 13312K, used 512K [0x00000000d5580000, 0x00000000d6700000, 0x0000000100000000)
  eden space 12800K, 0% used [0x00000000d5580000,0x00000000d5580000,0x00000000d6200000)
  from space 512K, 100% used [0x00000000d6600000,0x00000000d6680000,0x00000000d6680000)
  to   space 512K, 0% used [0x00000000d6680000,0x00000000d6680000,0x00000000d6700000)
 ParOldGen       total 854528K, used 854421K [0x0000000080000000, 0x00000000b4280000, 0x00000000d5580000)
  object space 854528K, 99% used [0x0000000080000000,0x00000000b42655c8,0x00000000b4280000)
 Metaspace       used 99377K, committed 101440K, reserved 1179648K
  class space    used 10119K, committed 11072K, reserved 1048576K
}

